# JRE version: Java(TM) SE Runtime Environment (8.0_211-b12) (build 1.8.0_211-b12)
# Java VM: Java HotSpot(TM) 64-Bit Server VM (25.211-b12 mixed mode windows-amd64 compressed oops)
Heap:
 PSYoungGen      total 120320K, used 2954K [0x00000000eb200000, 0x00000000f3080000, 0x0000000100000000)
  eden space 111104K, 2% used [0x00000000eb200000,0x00000000eb4e29b0,0x00000000f1e80000)
  from space 9216K, 0% used [0x00000000f1e80000,0x00000000f1e80000,0x00000000f2780000)
  to   space 6656K, 0% used [0x00000000f2780000,0x00000000f2780000,0x00000000f2e00000)
 ParOldGen       total 30720K, used 15334K [0x00000000c1600000, 0x00000000c3400000, 0x00000000eb200000)
  object space 30720K, 49% used [0x00000000c1600000,0x00000000c24f9978,0x00000000c3400000)
 Metaspace       used 30810K, capacity 32344K, committed 32512K, reserved 1079296K
  class space    used 4174K, capacity 4485K, committed 4608K, reserved 1048576K
GC Heap History (10 events):
Event: 5.629 GC heap before
{Heap before GC invocations=7 (full 1):
 PSYoungGen      total 72192K, used 3346K [0x00000000eb200000, 0x00000000eff00000, 0x0000000100000000)
  eden space 65536K, 0% used [0x00000000eb200000,0x00000000eb200000,0x00000000ef200000)
  from space 6656K, 50% used [0x00000000ef880000,0x00000000efbc48f8,0x00000000eff00000)
  to   space 6656K, 0% used [0x00000000ef200000,0x00000000ef200000,0x00000000ef880000)
 ParOldGen       total 44032K, used 11056K [0x00000000c1600000, 0x00000000c4100000, 0x00000000eb200000)
  object space 44032K, 25% used [0x00000000c1600000,0x00000000c20cc010,0x00000000c4100000)
 Metaspace       used 20591K, capacity 21190K, committed 21296K, reserved 1067008K
  class space    used 2797K, capacity 2944K, committed 2944K, reserved 1048576K
Event: 5.690 GC heap after
Heap after GC invocations=7 (full 1):
 PSYoungGen      total 72192K, used 0K [0x00000000eb200000, 0x00000000eff00000, 0x0000000100000000)
  eden space 65536K, 0% used [0x00000000eb200000,0x00000000eb200000,0x00000000ef200000)
  from space 6656K, 0% used [0x00000000ef880000,0x00000000ef880000,0x00000000eff00000)
  to   space 6656K, 0% used [0x00000000ef200000,0x00000000ef200000,0x00000000ef880000)
 ParOldGen       total 30720K, used 5691K [0x00000000c1600000, 0x00000000c3400000, 0x00000000eb200000)
  object space 30720K, 18% used [0x00000000c1600000,0x00000000c1b8ec50,0x00000000c3400000)
 Metaspace       used 20589K, capacity 21184K, committed 21296K, reserved 1067008K
  class space    used 2797K, capacity 2943K, committed 2944K, reserved 1048576K
}
Event: 6.443 GC heap before
{Heap before GC invocations=8 (full 1):
 PSYoungGen      total 72192K, used 65536K [0x00000000eb200000, 0x00000000eff00000, 0x0000000100000000)
  eden space 65536K, 100% used [0x00000000eb200000,0x00000000ef200000,0x00000000ef200000)
  from space 6656K, 0% used [0x00000000ef880000,0x00000000ef880000,0x00000000eff00000)
  to   space 6656K, 0% used [0x00000000ef200000,0x00000000ef200000,0x00000000ef880000)
 ParOldGen       total 30720K, used 5691K [0x00000000c1600000, 0x00000000c3400000, 0x00000000eb200000)
  object space 30720K, 18% used [0x00000000c1600000,0x00000000c1b8ec50,0x00000000c3400000)
 Metaspace       used 22047K, capacity 22782K, committed 23040K, reserved 1069056K
  class space    used 3017K, capacity 3238K, committed 3328K, reserved 1048576K
Event: 6.453 GC heap after
Heap after GC invocations=8 (full 1):
 PSYoungGen      total 72192K, used 4414K [0x00000000eb200000, 0x00000000f2e00000, 0x0000000100000000)
  eden space 65536K, 0% used [0x00000000eb200000,0x00000000eb200000,0x00000000ef200000)
  from space 6656K, 66% used [0x00000000ef200000,0x00000000ef64fb98,0x00000000ef880000)
  to   space 6656K, 0% used [0x00000000f2780000,0x00000000f2780000,0x00000000f2e00000)
 ParOldGen       total 30720K, used 5699K [0x00000000c1600000, 0x00000000c3400000, 0x00000000eb200000)
  object space 30720K, 18% used [0x00000000c1600000,0x00000000c1b90c50,0x00000000c3400000)
 Metaspace       used 22047K, capacity 22782K, committed 23040K, reserved 1069056K
  class space    used 3017K, capacity 3238K, committed 3328K, reserved 1048576K
}
Event: 8.174 GC heap before
{Heap before GC invocations=9 (full 1):
 PSYoungGen      total 72192K, used 69950K [0x00000000eb200000, 0x00000000f2e00000, 0x0000000100000000)
  eden space 65536K, 100% used [0x00000000eb200000,0x00000000ef200000,0x00000000ef200000)
  from space 6656K, 66% used [0x00000000ef200000,0x00000000ef64fb98,0x00000000ef880000)
  to   space 6656K, 0% used [0x00000000f2780000,0x00000000f2780000,0x00000000f2e00000)
 ParOldGen       total 30720K, used 5699K [0x00000000c1600000, 0x00000000c3400000, 0x00000000eb200000)
  object space 30720K, 18% used [0x00000000c1600000,0x00000000c1b90c50,0x00000000c3400000)
 Metaspace       used 27531K, capacity 28970K, committed 29312K, reserved 1075200K
  class space    used 3806K, capacity 4112K, committed 4224K, reserved 1048576K
Event: 8.191 GC heap after
Heap after GC invocations=9 (full 1):
 PSYoungGen      total 117760K, used 6653K [0x00000000eb200000, 0x00000000f3080000, 0x0000000100000000)
  eden space 111104K, 0% used [0x00000000eb200000,0x00000000eb200000,0x00000000f1e80000)
  from space 6656K, 99% used [0x00000000f2780000,0x00000000f2dff608,0x00000000f2e00000)
  to   space 9216K, 0% used [0x00000000f1e80000,0x00000000f1e80000,0x00000000f2780000)
 ParOldGen       total 30720K, used 9694K [0x00000000c1600000, 0x00000000c3400000, 0x00000000eb200000)
  object space 30720K, 31% used [0x00000000c1600000,0x00000000c1f77b50,0x00000000c3400000)
 Metaspace       used 27531K, capacity 28970K, committed 29312K, reserved 1075200K
  class space    used 3806K, capacity 4112K, committed 4224K, reserved 1048576K
}
Event: 10.002 GC heap before
{Heap before GC invocations=10 (full 1):
 PSYoungGen      total 117760K, used 71862K [0x00000000eb200000, 0x00000000f3080000, 0x0000000100000000)
  eden space 111104K, 58% used [0x00000000eb200000,0x00000000ef1ae488,0x00000000f1e80000)
  from space 6656K, 99% used [0x00000000f2780000,0x00000000f2dff608,0x00000000f2e00000)
  to   space 9216K, 0% used [0x00000000f1e80000,0x00000000f1e80000,0x00000000f2780000)
 ParOldGen       total 30720K, used 9694K [0x00000000c1600000, 0x00000000c3400000, 0x00000000eb200000)
  object space 30720K, 31% used [0x00000000c1600000,0x00000000c1f77b50,0x00000000c3400000)
 Metaspace       used 30767K, capacity 32312K, committed 32384K, reserved 1079296K
  class space    used 4168K, capacity 4453K, committed 4480K, reserved 1048576K
Event: 10.026 GC heap after
Heap after GC invocations=10 (full 1):
 PSYoungGen      total 120320K, used 9192K [0x00000000eb200000, 0x00000000f3080000, 0x0000000100000000)
  eden space 111104K, 0% used [0x00000000eb200000,0x00000000eb200000,0x00000000f1e80000)
  from space 9216K, 99% used [0x00000000f1e80000,0x00000000f277a170,0x00000000f2780000)
  to   space 6656K, 0% used [0x00000000f2780000,0x00000000f2780000,0x00000000f2e00000)
 ParOldGen       total 30720K, used 10868K [0x00000000c1600000, 0x00000000c3400000, 0x00000000eb200000)
  object space 30720K, 35% used [0x00000000c1600000,0x00000000c209d360,0x00000000c3400000)
 Metaspace       used 30767K, capacity 32312K, committed 32384K, reserved 1079296K
  class space    used 4168K, capacity 4453K, committed 4480K, reserved 1048576K
}
Event: 10.026 GC heap before
{Heap before GC invocations=11 (full 2):
 PSYoungGen      total 120320K, used 9192K [0x00000000eb200000, 0x00000000f3080000, 0x0000000100000000)
  eden space 111104K, 0% used [0x00000000eb200000,0x00000000eb200000,0x00000000f1e80000)
  from space 9216K, 99% used [0x00000000f1e80000,0x00000000f277a170,0x00000000f2780000)
  to   space 6656K, 0% used [0x00000000f2780000,0x00000000f2780000,0x00000000f2e00000)
 ParOldGen       total 30720K, used 10868K [0x00000000c1600000, 0x00000000c3400000, 0x00000000eb200000)
  object space 30720K, 35% used [0x00000000c1600000,0x00000000c209d360,0x00000000c3400000)
 Metaspace       used 30767K, capacity 32312K, committed 32384K, reserved 1079296K
  class space    used 4168K, capacity 4453K, committed 4480K, reserved 1048576K
Event: 10.169 GC heap after
Heap after GC invocations=11 (full 2):
 PSYoungGen      total 120320K, used 0K [0x00000000eb200000, 0x00000000f3080000, 0x0000000100000000)
  eden space 111104K, 0% used [0x00000000eb200000,0x00000000eb200000,0x00000000f1e80000)
  from space 9216K, 0% used [0x00000000f1e80000,0x00000000f1e80000,0x00000000f2780000)
  to   space 6656K, 0% used [0x00000000f2780000,0x00000000f2780000,0x00000000f2e00000)
 ParOldGen       total 30720K, used 15334K [0x00000000c1600000, 0x00000000c3400000, 0x00000000eb200000)
  object space 30720K, 49% used [0x00000000c1600000,0x00000000c24f9978,0x00000000c3400000)
 Metaspace       used 30767K, capacity 32312K, committed 32384K, reserved 1079296K
  class space    used 4168K, capacity 4453K, committed 4480K, reserved 1048576K
}

