# JRE version: Java(TM) SE Runtime Environment (8.0_211-b12) (build 1.8.0_211-b12)
# Java VM: Java HotSpot(TM) 64-Bit Server VM (25.211-b12 mixed mode windows-amd64 compressed oops)
Heap:
 PSYoungGen      total 140800K, used 11459K [0x00000000eb200000, 0x00000000f4f80000, 0x0000000100000000)
  eden space 128512K, 8% used [0x00000000eb200000,0x00000000ebd30d40,0x00000000f2f80000)
  from space 12288K, 0% used [0x00000000f4380000,0x00000000f4380000,0x00000000f4f80000)
  to   space 14336K, 0% used [0x00000000f3380000,0x00000000f3380000,0x00000000f4180000)
 ParOldGen       total 59904K, used 27849K [0x00000000c1600000, 0x00000000c5080000, 0x00000000eb200000)
  object space 59904K, 46% used [0x00000000c1600000,0x00000000c3132788,0x00000000c5080000)
 Metaspace       used 45663K, capacity 47444K, committed 47744K, reserved 1093632K
  class space    used 6407K, capacity 6771K, committed 6784K, reserved 1048576K
GC Heap History (10 events):
Event: 5.905 GC heap before
{Heap before GC invocations=9 (full 1):
 PSYoungGen      total 72192K, used 69812K [0x00000000eb200000, 0x00000000f2780000, 0x0000000100000000)
  eden space 65536K, 100% used [0x00000000eb200000,0x00000000ef200000,0x00000000ef200000)
  from space 6656K, 64% used [0x00000000ef200000,0x00000000ef62d050,0x00000000ef880000)
  to   space 6656K, 0% used [0x00000000f2100000,0x00000000f2100000,0x00000000f2780000)
 ParOldGen       total 32256K, used 5868K [0x00000000c1600000, 0x00000000c3580000, 0x00000000eb200000)
  object space 32256K, 18% used [0x00000000c1600000,0x00000000c1bbb298,0x00000000c3580000)
 Metaspace       used 27592K, capacity 29034K, committed 29312K, reserved 1075200K
  class space    used 3803K, capacity 4112K, committed 4224K, reserved 1048576K
Event: 5.920 GC heap after
Heap after GC invocations=9 (full 1):
 PSYoungGen      total 110080K, used 6650K [0x00000000eb200000, 0x00000000f2900000, 0x0000000100000000)
  eden space 103424K, 0% used [0x00000000eb200000,0x00000000eb200000,0x00000000f1700000)
  from space 6656K, 99% used [0x00000000f2100000,0x00000000f277e980,0x00000000f2780000)
  to   space 9216K, 0% used [0x00000000f1700000,0x00000000f1700000,0x00000000f2000000)
 ParOldGen       total 32256K, used 9712K [0x00000000c1600000, 0x00000000c3580000, 0x00000000eb200000)
  object space 32256K, 30% used [0x00000000c1600000,0x00000000c1f7c100,0x00000000c3580000)
 Metaspace       used 27592K, capacity 29034K, committed 29312K, reserved 1075200K
  class space    used 3803K, capacity 4112K, committed 4224K, reserved 1048576K
}
Event: 9.121 GC heap before
{Heap before GC invocations=10 (full 1):
 PSYoungGen      total 110080K, used 93971K [0x00000000eb200000, 0x00000000f2900000, 0x0000000100000000)
  eden space 103424K, 84% used [0x00000000eb200000,0x00000000f0746458,0x00000000f1700000)
  from space 6656K, 99% used [0x00000000f2100000,0x00000000f277e980,0x00000000f2780000)
  to   space 9216K, 0% used [0x00000000f1700000,0x00000000f1700000,0x00000000f2000000)
 ParOldGen       total 32256K, used 9712K [0x00000000c1600000, 0x00000000c3580000, 0x00000000eb200000)
  object space 32256K, 30% used [0x00000000c1600000,0x00000000c1f7c100,0x00000000c3580000)
 Metaspace       used 33863K, capacity 35486K, committed 35496K, reserved 1079296K
  class space    used 4512K, capacity 4856K, committed 4864K, reserved 1048576K
Event: 9.146 GC heap after
Heap after GC invocations=10 (full 1):
 PSYoungGen      total 112640K, used 9203K [0x00000000eb200000, 0x00000000f4f80000, 0x0000000100000000)
  eden space 103424K, 0% used [0x00000000eb200000,0x00000000eb200000,0x00000000f1700000)
  from space 9216K, 99% used [0x00000000f1700000,0x00000000f1ffcd88,0x00000000f2000000)
  to   space 12288K, 0% used [0x00000000f4380000,0x00000000f4380000,0x00000000f4f80000)
 ParOldGen       total 32256K, used 15218K [0x00000000c1600000, 0x00000000c3580000, 0x00000000eb200000)
  object space 32256K, 47% used [0x00000000c1600000,0x00000000c24dc978,0x00000000c3580000)
 Metaspace       used 33863K, capacity 35486K, committed 35496K, reserved 1079296K
  class space    used 4512K, capacity 4856K, committed 4864K, reserved 1048576K
}
Event: 9.146 GC heap before
{Heap before GC invocations=11 (full 2):
 PSYoungGen      total 112640K, used 9203K [0x00000000eb200000, 0x00000000f4f80000, 0x0000000100000000)
  eden space 103424K, 0% used [0x00000000eb200000,0x00000000eb200000,0x00000000f1700000)
  from space 9216K, 99% used [0x00000000f1700000,0x00000000f1ffcd88,0x00000000f2000000)
  to   space 12288K, 0% used [0x00000000f4380000,0x00000000f4380000,0x00000000f4f80000)
 ParOldGen       total 32256K, used 15218K [0x00000000c1600000, 0x00000000c3580000, 0x00000000eb200000)
  object space 32256K, 47% used [0x00000000c1600000,0x00000000c24dc978,0x00000000c3580000)
 Metaspace       used 33863K, capacity 35486K, committed 35496K, reserved 1079296K
  class space    used 4512K, capacity 4856K, committed 4864K, reserved 1048576K
Event: 9.369 GC heap after
Heap after GC invocations=11 (full 2):
 PSYoungGen      total 112640K, used 0K [0x00000000eb200000, 0x00000000f4f80000, 0x0000000100000000)
  eden space 103424K, 0% used [0x00000000eb200000,0x00000000eb200000,0x00000000f1700000)
  from space 9216K, 0% used [0x00000000f1700000,0x00000000f1700000,0x00000000f2000000)
  to   space 12288K, 0% used [0x00000000f4380000,0x00000000f4380000,0x00000000f4f80000)
 ParOldGen       total 59904K, used 19215K [0x00000000c1600000, 0x00000000c5080000, 0x00000000eb200000)
  object space 59904K, 32% used [0x00000000c1600000,0x00000000c28c3cd8,0x00000000c5080000)
 Metaspace       used 33863K, capacity 35486K, committed 35496K, reserved 1079296K
  class space    used 4512K, capacity 4856K, committed 4864K, reserved 1048576K
}
Event: 15.806 GC heap before
{Heap before GC invocations=12 (full 2):
 PSYoungGen      total 112640K, used 97887K [0x00000000eb200000, 0x00000000f4f80000, 0x0000000100000000)
  eden space 103424K, 94% used [0x00000000eb200000,0x00000000f1197c18,0x00000000f1700000)
  from space 9216K, 0% used [0x00000000f1700000,0x00000000f1700000,0x00000000f2000000)
  to   space 12288K, 0% used [0x00000000f4380000,0x00000000f4380000,0x00000000f4f80000)
 ParOldGen       total 59904K, used 19215K [0x00000000c1600000, 0x00000000c5080000, 0x00000000eb200000)
  object space 59904K, 32% used [0x00000000c1600000,0x00000000c28c3cd8,0x00000000c5080000)
 Metaspace       used 45200K, capacity 46934K, committed 47232K, reserved 1093632K
  class space    used 6339K, capacity 6692K, committed 6784K, reserved 1048576K
Event: 15.825 GC heap after
Heap after GC invocations=12 (full 2):
 PSYoungGen      total 140800K, used 12259K [0x00000000eb200000, 0x00000000f4f80000, 0x0000000100000000)
  eden space 128512K, 0% used [0x00000000eb200000,0x00000000eb200000,0x00000000f2f80000)
  from space 12288K, 99% used [0x00000000f4380000,0x00000000f4f78cc0,0x00000000f4f80000)
  to   space 14336K, 0% used [0x00000000f3380000,0x00000000f3380000,0x00000000f4180000)
 ParOldGen       total 59904K, used 20175K [0x00000000c1600000, 0x00000000c5080000, 0x00000000eb200000)
  object space 59904K, 33% used [0x00000000c1600000,0x00000000c29b3d60,0x00000000c5080000)
 Metaspace       used 45200K, capacity 46934K, committed 47232K, reserved 1093632K
  class space    used 6339K, capacity 6692K, committed 6784K, reserved 1048576K
}
Event: 15.825 GC heap before
{Heap before GC invocations=13 (full 3):
 PSYoungGen      total 140800K, used 12259K [0x00000000eb200000, 0x00000000f4f80000, 0x0000000100000000)
  eden space 128512K, 0% used [0x00000000eb200000,0x00000000eb200000,0x00000000f2f80000)
  from space 12288K, 99% used [0x00000000f4380000,0x00000000f4f78cc0,0x00000000f4f80000)
  to   space 14336K, 0% used [0x00000000f3380000,0x00000000f3380000,0x00000000f4180000)
 ParOldGen       total 59904K, used 20175K [0x00000000c1600000, 0x00000000c5080000, 0x00000000eb200000)
  object space 59904K, 33% used [0x00000000c1600000,0x00000000c29b3d60,0x00000000c5080000)
 Metaspace       used 45200K, capacity 46934K, committed 47232K, reserved 1093632K
  class space    used 6339K, capacity 6692K, committed 6784K, reserved 1048576K
Event: 16.014 GC heap after
Heap after GC invocations=13 (full 3):
 PSYoungGen      total 140800K, used 0K [0x00000000eb200000, 0x00000000f4f80000, 0x0000000100000000)
  eden space 128512K, 0% used [0x00000000eb200000,0x00000000eb200000,0x00000000f2f80000)
  from space 12288K, 0% used [0x00000000f4380000,0x00000000f4380000,0x00000000f4f80000)
  to   space 14336K, 0% used [0x00000000f3380000,0x00000000f3380000,0x00000000f4180000)
 ParOldGen       total 59904K, used 27849K [0x00000000c1600000, 0x00000000c5080000, 0x00000000eb200000)
  object space 59904K, 46% used [0x00000000c1600000,0x00000000c3132788,0x00000000c5080000)
 Metaspace       used 45200K, capacity 46934K, committed 47232K, reserved 1091584K
  class space    used 6339K, capacity 6692K, committed 6784K, reserved 1048576K
}

