# JRE version: Java(TM) SE Runtime Environment (8.0_211-b12) (build 1.8.0_211-b12)
# Java VM: Java HotSpot(TM) 64-Bit Server VM (25.211-b12 mixed mode windows-amd64 compressed oops)
Heap:
 PSYoungGen      total 160768K, used 15299K [0x00000000eb200000, 0x00000000f6380000, 0x0000000100000000)
  eden space 147968K, 10% used [0x00000000eb200000,0x00000000ec0f0e30,0x00000000f4280000)
  from space 12800K, 0% used [0x00000000f5700000,0x00000000f5700000,0x00000000f6380000)
  to   space 14336K, 0% used [0x00000000f4780000,0x00000000f4780000,0x00000000f5580000)
 ParOldGen       total 54272K, used 27256K [0x00000000c1600000, 0x00000000c4b00000, 0x00000000eb200000)
  object space 54272K, 50% used [0x00000000c1600000,0x00000000c309e3c0,0x00000000c4b00000)
 Metaspace       used 45804K, capacity 47576K, committed 48000K, reserved 1091584K
  class space    used 6422K, capacity 6771K, committed 6784K, reserved 1048576K
GC Heap History (10 events):
Event: 7.192 GC heap before
{Heap before GC invocations=9 (full 1):
 PSYoungGen      total 72192K, used 69158K [0x00000000eb200000, 0x00000000f2e80000, 0x0000000100000000)
  eden space 65024K, 100% used [0x00000000eb200000,0x00000000ef180000,0x00000000ef180000)
  from space 7168K, 57% used [0x00000000ef180000,0x00000000ef589bb0,0x00000000ef880000)
  to   space 6656K, 0% used [0x00000000f2800000,0x00000000f2800000,0x00000000f2e80000)
 ParOldGen       total 33280K, used 8867K [0x00000000c1600000, 0x00000000c3680000, 0x00000000eb200000)
  object space 33280K, 26% used [0x00000000c1600000,0x00000000c1ea8fc8,0x00000000c3680000)
 Metaspace       used 27170K, capacity 28586K, committed 28672K, reserved 1073152K
  class space    used 3766K, capacity 4074K, committed 4096K, reserved 1048576K
Event: 7.208 GC heap after
Heap after GC invocations=9 (full 1):
 PSYoungGen      total 118272K, used 6627K [0x00000000eb200000, 0x00000000f3100000, 0x0000000100000000)
  eden space 111616K, 0% used [0x00000000eb200000,0x00000000eb200000,0x00000000f1f00000)
  from space 6656K, 99% used [0x00000000f2800000,0x00000000f2e78ef0,0x00000000f2e80000)
  to   space 9216K, 0% used [0x00000000f1f00000,0x00000000f1f00000,0x00000000f2800000)
 ParOldGen       total 33280K, used 12643K [0x00000000c1600000, 0x00000000c3680000, 0x00000000eb200000)
  object space 33280K, 37% used [0x00000000c1600000,0x00000000c2258f68,0x00000000c3680000)
 Metaspace       used 27170K, capacity 28586K, committed 28672K, reserved 1073152K
  class space    used 3766K, capacity 4074K, committed 4096K, reserved 1048576K
}
Event: 9.959 GC heap before
{Heap before GC invocations=10 (full 1):
 PSYoungGen      total 118272K, used 96905K [0x00000000eb200000, 0x00000000f3100000, 0x0000000100000000)
  eden space 111616K, 80% used [0x00000000eb200000,0x00000000f0a29760,0x00000000f1f00000)
  from space 6656K, 99% used [0x00000000f2800000,0x00000000f2e78ef0,0x00000000f2e80000)
  to   space 9216K, 0% used [0x00000000f1f00000,0x00000000f1f00000,0x00000000f2800000)
 ParOldGen       total 33280K, used 12643K [0x00000000c1600000, 0x00000000c3680000, 0x00000000eb200000)
  object space 33280K, 37% used [0x00000000c1600000,0x00000000c2258f68,0x00000000c3680000)
 Metaspace       used 33735K, capacity 35404K, committed 35416K, reserved 1079296K
  class space    used 4506K, capacity 4853K, committed 4864K, reserved 1048576K
Event: 9.987 GC heap after
Heap after GC invocations=10 (full 1):
 PSYoungGen      total 120832K, used 9186K [0x00000000eb200000, 0x00000000f6380000, 0x0000000100000000)
  eden space 111616K, 0% used [0x00000000eb200000,0x00000000eb200000,0x00000000f1f00000)
  from space 9216K, 99% used [0x00000000f1f00000,0x00000000f27f88b0,0x00000000f2800000)
  to   space 12800K, 0% used [0x00000000f5700000,0x00000000f5700000,0x00000000f6380000)
 ParOldGen       total 33280K, used 18564K [0x00000000c1600000, 0x00000000c3680000, 0x00000000eb200000)
  object space 33280K, 55% used [0x00000000c1600000,0x00000000c2821318,0x00000000c3680000)
 Metaspace       used 33735K, capacity 35404K, committed 35416K, reserved 1079296K
  class space    used 4506K, capacity 4853K, committed 4864K, reserved 1048576K
}
Event: 9.987 GC heap before
{Heap before GC invocations=11 (full 2):
 PSYoungGen      total 120832K, used 9186K [0x00000000eb200000, 0x00000000f6380000, 0x0000000100000000)
  eden space 111616K, 0% used [0x00000000eb200000,0x00000000eb200000,0x00000000f1f00000)
  from space 9216K, 99% used [0x00000000f1f00000,0x00000000f27f88b0,0x00000000f2800000)
  to   space 12800K, 0% used [0x00000000f5700000,0x00000000f5700000,0x00000000f6380000)
 ParOldGen       total 33280K, used 18564K [0x00000000c1600000, 0x00000000c3680000, 0x00000000eb200000)
  object space 33280K, 55% used [0x00000000c1600000,0x00000000c2821318,0x00000000c3680000)
 Metaspace       used 33735K, capacity 35404K, committed 35416K, reserved 1079296K
  class space    used 4506K, capacity 4853K, committed 4864K, reserved 1048576K
Event: 10.143 GC heap after
Heap after GC invocations=11 (full 2):
 PSYoungGen      total 120832K, used 0K [0x00000000eb200000, 0x00000000f6380000, 0x0000000100000000)
  eden space 111616K, 0% used [0x00000000eb200000,0x00000000eb200000,0x00000000f1f00000)
  from space 9216K, 0% used [0x00000000f1f00000,0x00000000f1f00000,0x00000000f2800000)
  to   space 12800K, 0% used [0x00000000f5700000,0x00000000f5700000,0x00000000f6380000)
 ParOldGen       total 54272K, used 19526K [0x00000000c1600000, 0x00000000c4b00000, 0x00000000eb200000)
  object space 54272K, 35% used [0x00000000c1600000,0x00000000c2911ae0,0x00000000c4b00000)
 Metaspace       used 33735K, capacity 35404K, committed 35416K, reserved 1079296K
  class space    used 4506K, capacity 4853K, committed 4864K, reserved 1048576K
}
Event: 14.319 GC heap before
{Heap before GC invocations=12 (full 2):
 PSYoungGen      total 120832K, used 93867K [0x00000000eb200000, 0x00000000f6380000, 0x0000000100000000)
  eden space 111616K, 84% used [0x00000000eb200000,0x00000000f0daaec8,0x00000000f1f00000)
  from space 9216K, 0% used [0x00000000f1f00000,0x00000000f1f00000,0x00000000f2800000)
  to   space 12800K, 0% used [0x00000000f5700000,0x00000000f5700000,0x00000000f6380000)
 ParOldGen       total 54272K, used 19526K [0x00000000c1600000, 0x00000000c4b00000, 0x00000000eb200000)
  object space 54272K, 35% used [0x00000000c1600000,0x00000000c2911ae0,0x00000000c4b00000)
 Metaspace       used 44612K, capacity 46354K, committed 46592K, reserved 1093632K
  class space    used 6259K, capacity 6626K, committed 6656K, reserved 1048576K
Event: 14.343 GC heap after
Heap after GC invocations=12 (full 2):
 PSYoungGen      total 160768K, used 12689K [0x00000000eb200000, 0x00000000f6380000, 0x0000000100000000)
  eden space 147968K, 0% used [0x00000000eb200000,0x00000000eb200000,0x00000000f4280000)
  from space 12800K, 99% used [0x00000000f5700000,0x00000000f6364528,0x00000000f6380000)
  to   space 14336K, 0% used [0x00000000f4780000,0x00000000f4780000,0x00000000f5580000)
 ParOldGen       total 54272K, used 19534K [0x00000000c1600000, 0x00000000c4b00000, 0x00000000eb200000)
  object space 54272K, 35% used [0x00000000c1600000,0x00000000c2913ae0,0x00000000c4b00000)
 Metaspace       used 44612K, capacity 46354K, committed 46592K, reserved 1093632K
  class space    used 6259K, capacity 6626K, committed 6656K, reserved 1048576K
}
Event: 14.343 GC heap before
{Heap before GC invocations=13 (full 3):
 PSYoungGen      total 160768K, used 12689K [0x00000000eb200000, 0x00000000f6380000, 0x0000000100000000)
  eden space 147968K, 0% used [0x00000000eb200000,0x00000000eb200000,0x00000000f4280000)
  from space 12800K, 99% used [0x00000000f5700000,0x00000000f6364528,0x00000000f6380000)
  to   space 14336K, 0% used [0x00000000f4780000,0x00000000f4780000,0x00000000f5580000)
 ParOldGen       total 54272K, used 19534K [0x00000000c1600000, 0x00000000c4b00000, 0x00000000eb200000)
  object space 54272K, 35% used [0x00000000c1600000,0x00000000c2913ae0,0x00000000c4b00000)
 Metaspace       used 44612K, capacity 46354K, committed 46592K, reserved 1093632K
  class space    used 6259K, capacity 6626K, committed 6656K, reserved 1048576K
Event: 14.629 GC heap after
Heap after GC invocations=13 (full 3):
 PSYoungGen      total 160768K, used 0K [0x00000000eb200000, 0x00000000f6380000, 0x0000000100000000)
  eden space 147968K, 0% used [0x00000000eb200000,0x00000000eb200000,0x00000000f4280000)
  from space 12800K, 0% used [0x00000000f5700000,0x00000000f5700000,0x00000000f6380000)
  to   space 14336K, 0% used [0x00000000f4780000,0x00000000f4780000,0x00000000f5580000)
 ParOldGen       total 54272K, used 27256K [0x00000000c1600000, 0x00000000c4b00000, 0x00000000eb200000)
  object space 54272K, 50% used [0x00000000c1600000,0x00000000c309e3c0,0x00000000c4b00000)
 Metaspace       used 44612K, capacity 46354K, committed 46592K, reserved 1091584K
  class space    used 6259K, capacity 6626K, committed 6656K, reserved 1048576K
}

